<?xml version="1.0" encoding="UTF-8"?>
<testsuite xmlns:xsi="http://www.w3.org/2001/XMLSchema-instance" xsi:noNamespaceSchemaLocation="https://maven.apache.org/surefire/maven-surefire-plugin/xsd/surefire-test-report-3.0.xsd" version="3.0" name="com.capstone.cartApplication.CartApplicationTests" time="15.969" tests="1" errors="0" skipped="0" failures="0">
  <properties>
[...]
</properties>
  <testcase name="contextLoads" classname="com.capstone.cartApplication.CartApplicationTests" time="2.482">
    <system-out><![CDATA[22:56:57.192 [main] INFO org.springframework.test.context.support.AnnotationConfigContextLoaderUtils -- Could not detect default configuration classes for test class [com.capstone.cartApplication.CartApplicationTests]: CartApplicationTests does not declare any static, non-private, non-final, nested classes annotated with @Configuration.
22:56:57.407 [main] INFO org.springframework.boot.test.context.SpringBootTestContextBootstrapper -- Found @SpringBootConfiguration com.capstone.cartApplication.CartApplication for test class com.capstone.cartApplication.CartApplicationTests

  .   ____          _            __ _ _
 /\\ / ___'_ __ _ _(_)_ __  __ _ \ \ \ \
( ( )\___ | '_ | '_| | '_ \/ _` | \ \ \ \
 \\/  ___)| |_)| | | | | || (_| |  ) ) ) )
  '  |____| .__|_| |_|_| |_\__, | / / / /
 =========|_|==============|___/=/_/_/_/
 :: Spring Boot ::                (v3.1.4)

2023-12-01T22:56:58.721+05:30  INFO 35156 --- [           main] c.c.c.CartApplicationTests               : Starting CartApplicationTests using Java 17.0.9 with PID 35156 (started by i0p013q in C:\Users\i0p013q\Documents\GitHub\Team4_CartApplication_Backend)
2023-12-01T22:56:58.724+05:30  INFO 35156 --- [           main] c.c.c.CartApplicationTests               : No active profile set, falling back to 1 default profile: "default"
2023-12-01T22:57:00.399+05:30  INFO 35156 --- [           main] .s.d.r.c.RepositoryConfigurationDelegate : Bootstrapping Spring Data MongoDB repositories in DEFAULT mode.
2023-12-01T22:57:00.415+05:30  INFO 35156 --- [           main] .s.d.r.c.RepositoryConfigurationDelegate : Finished Spring Data repository scanning in 8 ms. Found 0 MongoDB repository interfaces.
2023-12-01T22:57:00.437+05:30  INFO 35156 --- [           main] .s.d.r.c.RepositoryConfigurationDelegate : Bootstrapping Spring Data MongoDB repositories in DEFAULT mode.
2023-12-01T22:57:00.634+05:30  INFO 35156 --- [           main] .s.d.r.c.RepositoryConfigurationDelegate : Finished Spring Data repository scanning in 195 ms. Found 3 MongoDB repository interfaces.
2023-12-01T22:57:02.255+05:30  INFO 35156 --- [           main] o.s.cloud.context.scope.GenericScope     : BeanFactory id=a7f73df2-c42a-3d6c-a47c-4db2e510ab56
2023-12-01T22:57:02.601+05:30  INFO 35156 --- [           main] trationDelegate$BeanPostProcessorChecker : Bean 'com.capstone.cartApplication.feign.CartInterface' of type [org.springframework.cloud.openfeign.FeignClientFactoryBean] is not eligible for getting processed by all BeanPostProcessors (for example: not eligible for auto-proxying)
2023-12-01T22:57:03.441+05:30  INFO 35156 --- [           main] org.mongodb.driver.client                : MongoClient with metadata {"driver": {"name": "mongo-java-driver|sync", "version": "4.9.1"}, "os": {"type": "Windows", "name": "Windows 11", "architecture": "amd64", "version": "10.0"}, "platform": "Java/Oracle Corporation/17.0.9+11-LTS-201", "application": {"name": "AtlasApp"}} created with settings MongoClientSettings{readPreference=primary, writeConcern=WriteConcern{w=majority, wTimeout=null ms, journal=null}, retryWrites=true, retryReads=true, readConcern=ReadConcern{level=null}, credential=MongoCredential{mechanism=null, userName='admin', source='admin', password=<hidden>, mechanismProperties=<hidden>}, streamFactoryFactory=null, commandListeners=[], codecRegistry=ProvidersCodecRegistry{codecProviders=[ValueCodecProvider{}, BsonValueCodecProvider{}, DBRefCodecProvider{}, DBObjectCodecProvider{}, DocumentCodecProvider{}, CollectionCodecProvider{}, IterableCodecProvider{}, MapCodecProvider{}, GeoJsonCodecProvider{}, GridFSFileCodecProvider{}, Jsr310CodecProvider{}, JsonObjectCodecProvider{}, BsonCodecProvider{}, EnumCodecProvider{}, com.mongodb.client.model.mql.ExpressionCodecProvider@2035d65b, com.mongodb.Jep395RecordCodecProvider@240a2619]}, loggerSettings=LoggerSettings{maxDocumentLength=1000}, clusterSettings={hosts=[127.0.0.1:27017], srvHost=shoppingcart.rvqwo2v.mongodb.net, srvServiceName=mongodb, mode=MULTIPLE, requiredClusterType=REPLICA_SET, requiredReplicaSetName='atlas-3i88ly-shard-0', serverSelector='null', clusterListeners='[]', serverSelectionTimeout='30000 ms', localThreshold='30000 ms'}, socketSettings=SocketSettings{connectTimeoutMS=10000, readTimeoutMS=0, receiveBufferSize=0, sendBufferSize=0}, heartbeatSocketSettings=SocketSettings{connectTimeoutMS=10000, readTimeoutMS=10000, receiveBufferSize=0, sendBufferSize=0}, connectionPoolSettings=ConnectionPoolSettings{maxSize=100, minSize=0, maxWaitTimeMS=120000, maxConnectionLifeTimeMS=0, maxConnectionIdleTimeMS=0, maintenanceInitialDelayMS=0, maintenanceFrequencyMS=60000, connectionPoolListeners=[], maxConnecting=2}, serverSettings=ServerSettings{heartbeatFrequencyMS=10000, minHeartbeatFrequencyMS=500, serverListeners='[]', serverMonitorListeners='[]'}, sslSettings=SslSettings{enabled=true, invalidHostNameAllowed=false, context=null}, applicationName='AtlasApp', compressorList=[], uuidRepresentation=UNSPECIFIED, serverApi=null, autoEncryptionSettings=null, contextProvider=null}
2023-12-01T22:57:03.539+05:30  INFO 35156 --- [o2v.mongodb.net] org.mongodb.driver.cluster               : Adding discovered server ac-jg11q0x-shard-00-01.rvqwo2v.mongodb.net:27017 to client view of cluster
2023-12-01T22:57:03.631+05:30  INFO 35156 --- [o2v.mongodb.net] org.mongodb.driver.cluster               : Adding discovered server ac-jg11q0x-shard-00-02.rvqwo2v.mongodb.net:27017 to client view of cluster
2023-12-01T22:57:03.633+05:30  INFO 35156 --- [o2v.mongodb.net] org.mongodb.driver.cluster               : Adding discovered server ac-jg11q0x-shard-00-00.rvqwo2v.mongodb.net:27017 to client view of cluster
2023-12-01T22:57:04.768+05:30  INFO 35156 --- [ngodb.net:27017] org.mongodb.driver.cluster               : Monitor thread successfully connected to server with description ServerDescription{address=ac-jg11q0x-shard-00-01.rvqwo2v.mongodb.net:27017, type=REPLICA_SET_PRIMARY, state=CONNECTED, ok=true, minWireVersion=0, maxWireVersion=17, maxDocumentSize=16777216, logicalSessionTimeoutMinutes=30, roundTripTimeNanos=510152200, setName='atlas-3i88ly-shard-0', canonicalAddress=ac-jg11q0x-shard-00-01.rvqwo2v.mongodb.net:27017, hosts=[ac-jg11q0x-shard-00-00.rvqwo2v.mongodb.net:27017, ac-jg11q0x-shard-00-02.rvqwo2v.mongodb.net:27017, ac-jg11q0x-shard-00-01.rvqwo2v.mongodb.net:27017], passives=[], arbiters=[], primary='ac-jg11q0x-shard-00-01.rvqwo2v.mongodb.net:27017', tagSet=TagSet{[Tag{name='availabilityZone', value='2'}, Tag{name='nodeType', value='ELECTABLE'}, Tag{name='provider', value='AZURE'}, Tag{name='region', value='INDIA_CENTRAL'}, Tag{name='workloadType', value='OPERATIONAL'}]}, electionId=7fffffff000000000000003b, setVersion=2, topologyVersion=TopologyVersion{processId=656656c7ea1efbd532d80bac, counter=6}, lastWriteDate=Fri Dec 01 22:57:04 IST 2023, lastUpdateTimeNanos=1434598967486900}
2023-12-01T22:57:04.769+05:30  INFO 35156 --- [ngodb.net:27017] org.mongodb.driver.cluster               : Monitor thread successfully connected to server with description ServerDescription{address=ac-jg11q0x-shard-00-02.rvqwo2v.mongodb.net:27017, type=REPLICA_SET_SECONDARY, state=CONNECTED, ok=true, minWireVersion=0, maxWireVersion=17, maxDocumentSize=16777216, logicalSessionTimeoutMinutes=30, roundTripTimeNanos=510059200, setName='atlas-3i88ly-shard-0', canonicalAddress=ac-jg11q0x-shard-00-02.rvqwo2v.mongodb.net:27017, hosts=[ac-jg11q0x-shard-00-00.rvqwo2v.mongodb.net:27017, ac-jg11q0x-shard-00-02.rvqwo2v.mongodb.net:27017, ac-jg11q0x-shard-00-01.rvqwo2v.mongodb.net:27017], passives=[], arbiters=[], primary='ac-jg11q0x-shard-00-01.rvqwo2v.mongodb.net:27017', tagSet=TagSet{[Tag{name='availabilityZone', value='3'}, Tag{name='nodeType', value='ELECTABLE'}, Tag{name='provider', value='AZURE'}, Tag{name='region', value='INDIA_CENTRAL'}, Tag{name='workloadType', value='OPERATIONAL'}]}, electionId=null, setVersion=2, topologyVersion=TopologyVersion{processId=6566571cdf9e11314a4c6705, counter=3}, lastWriteDate=Fri Dec 01 22:57:04 IST 2023, lastUpdateTimeNanos=1434598967403100}
2023-12-01T22:57:04.769+05:30  INFO 35156 --- [ngodb.net:27017] org.mongodb.driver.cluster               : Monitor thread successfully connected to server with description ServerDescription{address=ac-jg11q0x-shard-00-00.rvqwo2v.mongodb.net:27017, type=REPLICA_SET_SECONDARY, state=CONNECTED, ok=true, minWireVersion=0, maxWireVersion=17, maxDocumentSize=16777216, logicalSessionTimeoutMinutes=30, roundTripTimeNanos=510065200, setName='atlas-3i88ly-shard-0', canonicalAddress=ac-jg11q0x-shard-00-00.rvqwo2v.mongodb.net:27017, hosts=[ac-jg11q0x-shard-00-00.rvqwo2v.mongodb.net:27017, ac-jg11q0x-shard-00-02.rvqwo2v.mongodb.net:27017, ac-jg11q0x-shard-00-01.rvqwo2v.mongodb.net:27017], passives=[], arbiters=[], primary='ac-jg11q0x-shard-00-01.rvqwo2v.mongodb.net:27017', tagSet=TagSet{[Tag{name='availabilityZone', value='1'}, Tag{name='nodeType', value='ELECTABLE'}, Tag{name='provider', value='AZURE'}, Tag{name='region', value='INDIA_CENTRAL'}, Tag{name='workloadType', value='OPERATIONAL'}]}, electionId=null, setVersion=2, topologyVersion=TopologyVersion{processId=65665674213401bb574fa21c, counter=4}, lastWriteDate=Fri Dec 01 22:57:04 IST 2023, lastUpdateTimeNanos=1434598967407000}
2023-12-01T22:57:04.781+05:30  INFO 35156 --- [ngodb.net:27017] org.mongodb.driver.cluster               : Discovered replica set primary ac-jg11q0x-shard-00-01.rvqwo2v.mongodb.net:27017 with max election id 7fffffff000000000000003b and max set version 2
2023-12-01T22:57:05.765+05:30  INFO 35156 --- [           main] o.s.c.openfeign.FeignClientFactoryBean   : For 'ProductService' URL not provided. Will try picking an instance via load-balancing.
2023-12-01T22:57:08.572+05:30  INFO 35156 --- [           main] DiscoveryClientOptionalArgsConfiguration : Eureka HTTP Client uses RestTemplate.
2023-12-01T22:57:08.668+05:30  WARN 35156 --- [           main] iguration$LoadBalancerCaffeineWarnLogger : Spring Cloud LoadBalancer is currently working with the default cache. While this cache implementation is useful for development and tests, it's recommended to use Caffeine cache in production.You can switch to using Caffeine cache, by adding it and org.springframework.cache.caffeine.CaffeineCacheManager to the classpath.
2023-12-01T22:57:08.717+05:30  INFO 35156 --- [           main] o.s.b.a.e.web.EndpointLinksResolver      : Exposing 1 endpoint(s) beneath base path '/actuator'
2023-12-01T22:57:08.895+05:30  INFO 35156 --- [           main] o.s.c.n.eureka.InstanceInfoFactory       : Setting initial instance status as: STARTING
2023-12-01T22:57:09.205+05:30  INFO 35156 --- [           main] com.netflix.discovery.DiscoveryClient    : Initializing Eureka in region us-east-1
2023-12-01T22:57:09.228+05:30  INFO 35156 --- [           main] c.n.d.s.r.aws.ConfigClusterResolver      : Resolving eureka endpoints via configuration
2023-12-01T22:57:09.315+05:30  INFO 35156 --- [           main] com.netflix.discovery.DiscoveryClient    : Disable delta property : false
2023-12-01T22:57:09.316+05:30  INFO 35156 --- [           main] com.netflix.discovery.DiscoveryClient    : Single vip registry refresh property : null
2023-12-01T22:57:09.316+05:30  INFO 35156 --- [           main] com.netflix.discovery.DiscoveryClient    : Force full registry fetch : false
2023-12-01T22:57:09.317+05:30  INFO 35156 --- [           main] com.netflix.discovery.DiscoveryClient    : Application is null : false
2023-12-01T22:57:09.317+05:30  INFO 35156 --- [           main] com.netflix.discovery.DiscoveryClient    : Registered Applications size is zero : true
2023-12-01T22:57:09.318+05:30  INFO 35156 --- [           main] com.netflix.discovery.DiscoveryClient    : Application version is -1: true
2023-12-01T22:57:09.318+05:30  INFO 35156 --- [           main] com.netflix.discovery.DiscoveryClient    : Getting all instance registry info from the eureka server
2023-12-01T22:57:10.153+05:30  INFO 35156 --- [           main] com.netflix.discovery.DiscoveryClient    : The response status is 200
2023-12-01T22:57:10.161+05:30  INFO 35156 --- [           main] com.netflix.discovery.DiscoveryClient    : Starting heartbeat executor: renew interval is: 30
2023-12-01T22:57:10.169+05:30  INFO 35156 --- [           main] c.n.discovery.InstanceInfoReplicator     : InstanceInfoReplicator onDemand update allowed rate per min is 4
2023-12-01T22:57:10.184+05:30  INFO 35156 --- [           main] com.netflix.discovery.DiscoveryClient    : Discovery Client initialized at timestamp 1701451630180 with initial instances count: 2
2023-12-01T22:57:10.188+05:30  INFO 35156 --- [           main] o.s.c.n.e.s.EurekaServiceRegistry        : Registering application CARTSERVICE with eureka with status UP
2023-12-01T22:57:10.189+05:30  INFO 35156 --- [           main] com.netflix.discovery.DiscoveryClient    : Saw local status change event StatusChangeEvent [timestamp=1701451630189, current=UP, previous=STARTING]
2023-12-01T22:57:10.195+05:30  INFO 35156 --- [nfoReplicator-0] com.netflix.discovery.DiscoveryClient    : DiscoveryClient_CARTSERVICE/WGECIijnenvPgyo.homeoffice.Wal-Mart.com:CartService:9040: registering service...
2023-12-01T22:57:10.219+05:30  INFO 35156 --- [           main] c.c.c.CartApplicationTests               : Started CartApplicationTests in 12.543 seconds (process running for 14.772)
2023-12-01T22:57:10.329+05:30  INFO 35156 --- [nfoReplicator-0] com.netflix.discovery.DiscoveryClient    : DiscoveryClient_CARTSERVICE/WGECIijnenvPgyo.homeoffice.Wal-Mart.com:CartService:9040 - registration status: 204
]]></system-out>
  </testcase>
</testsuite>