<?xml version="1.0" encoding="UTF-8"?>
<testsuite xmlns:xsi="http://www.w3.org/2001/XMLSchema-instance" xsi:noNamespaceSchemaLocation="https://maven.apache.org/surefire/maven-surefire-plugin/xsd/surefire-test-report-3.0.xsd" version="3.0" name="com.capstone.cartApplication.CartApplicationTests" time="5.667" tests="1" errors="0" skipped="0" failures="0">
  <properties>
[...]
</properties>
  <testcase name="contextLoads" classname="com.capstone.cartApplication.CartApplicationTests" time="1.204">
    <system-out><![CDATA[17:21:07.275 [main] INFO org.springframework.test.context.support.AnnotationConfigContextLoaderUtils -- Could not detect default configuration classes for test class [com.capstone.cartApplication.CartApplicationTests]: CartApplicationTests does not declare any static, non-private, non-final, nested classes annotated with @Configuration.
17:21:07.425 [main] INFO org.springframework.boot.test.context.SpringBootTestContextBootstrapper -- Found @SpringBootConfiguration com.capstone.cartApplication.CartApplication for test class com.capstone.cartApplication.CartApplicationTests

  .   ____          _            __ _ _
 /\\ / ___'_ __ _ _(_)_ __  __ _ \ \ \ \
( ( )\___ | '_ | '_| | '_ \/ _` | \ \ \ \
 \\/  ___)| |_)| | | | | || (_| |  ) ) ) )
  '  |____| .__|_| |_|_| |_\__, | / / / /
 =========|_|==============|___/=/_/_/_/
 :: Spring Boot ::                (v3.1.4)

2023-11-17T17:21:07.929+05:30  INFO 10247 --- [           main] c.c.c.CartApplicationTests               : Starting CartApplicationTests using Java 17.0.8 with PID 10247 (started by k0g05jq in /Users/k0g05jq/Documents/Team4_CartApplication_backend)
2023-11-17T17:21:07.930+05:30  INFO 10247 --- [           main] c.c.c.CartApplicationTests               : No active profile set, falling back to 1 default profile: "default"
2023-11-17T17:21:08.748+05:30  INFO 10247 --- [           main] .s.d.r.c.RepositoryConfigurationDelegate : Bootstrapping Spring Data MongoDB repositories in DEFAULT mode.
2023-11-17T17:21:08.759+05:30  INFO 10247 --- [           main] .s.d.r.c.RepositoryConfigurationDelegate : Finished Spring Data repository scanning in 5 ms. Found 0 MongoDB repository interfaces.
2023-11-17T17:21:08.763+05:30  INFO 10247 --- [           main] .s.d.r.c.RepositoryConfigurationDelegate : Bootstrapping Spring Data MongoDB repositories in DEFAULT mode.
2023-11-17T17:21:08.815+05:30  INFO 10247 --- [           main] .s.d.r.c.RepositoryConfigurationDelegate : Finished Spring Data repository scanning in 51 ms. Found 2 MongoDB repository interfaces.
2023-11-17T17:21:09.751+05:30  INFO 10247 --- [o2v.mongodb.net] org.mongodb.driver.cluster               : Adding discovered server ac-jg11q0x-shard-00-01.rvqwo2v.mongodb.net:27017 to client view of cluster
2023-11-17T17:21:09.760+05:30  INFO 10247 --- [           main] org.mongodb.driver.client                : MongoClient with metadata {"driver": {"name": "mongo-java-driver|sync", "version": "4.9.1"}, "os": {"type": "Darwin", "name": "Mac OS X", "architecture": "x86_64", "version": "13.6"}, "platform": "Java/Oracle Corporation/17.0.8+9-LTS-211", "application": {"name": "AtlasApp"}} created with settings MongoClientSettings{readPreference=primary, writeConcern=WriteConcern{w=majority, wTimeout=null ms, journal=null}, retryWrites=true, retryReads=true, readConcern=ReadConcern{level=null}, credential=MongoCredential{mechanism=null, userName='admin', source='admin', password=<hidden>, mechanismProperties=<hidden>}, streamFactoryFactory=null, commandListeners=[], codecRegistry=ProvidersCodecRegistry{codecProviders=[ValueCodecProvider{}, BsonValueCodecProvider{}, DBRefCodecProvider{}, DBObjectCodecProvider{}, DocumentCodecProvider{}, CollectionCodecProvider{}, IterableCodecProvider{}, MapCodecProvider{}, GeoJsonCodecProvider{}, GridFSFileCodecProvider{}, Jsr310CodecProvider{}, JsonObjectCodecProvider{}, BsonCodecProvider{}, EnumCodecProvider{}, com.mongodb.client.model.mql.ExpressionCodecProvider@9dada78, com.mongodb.Jep395RecordCodecProvider@4207852d]}, loggerSettings=LoggerSettings{maxDocumentLength=1000}, clusterSettings={hosts=[127.0.0.1:27017], srvHost=shoppingcart.rvqwo2v.mongodb.net, srvServiceName=mongodb, mode=MULTIPLE, requiredClusterType=REPLICA_SET, requiredReplicaSetName='atlas-3i88ly-shard-0', serverSelector='null', clusterListeners='[]', serverSelectionTimeout='30000 ms', localThreshold='30000 ms'}, socketSettings=SocketSettings{connectTimeoutMS=10000, readTimeoutMS=0, receiveBufferSize=0, sendBufferSize=0}, heartbeatSocketSettings=SocketSettings{connectTimeoutMS=10000, readTimeoutMS=10000, receiveBufferSize=0, sendBufferSize=0}, connectionPoolSettings=ConnectionPoolSettings{maxSize=100, minSize=0, maxWaitTimeMS=120000, maxConnectionLifeTimeMS=0, maxConnectionIdleTimeMS=0, maintenanceInitialDelayMS=0, maintenanceFrequencyMS=60000, connectionPoolListeners=[], maxConnecting=2}, serverSettings=ServerSettings{heartbeatFrequencyMS=10000, minHeartbeatFrequencyMS=500, serverListeners='[]', serverMonitorListeners='[]'}, sslSettings=SslSettings{enabled=true, invalidHostNameAllowed=false, context=null}, applicationName='AtlasApp', compressorList=[], uuidRepresentation=UNSPECIFIED, serverApi=null, autoEncryptionSettings=null, contextProvider=null}
2023-11-17T17:21:09.778+05:30  INFO 10247 --- [o2v.mongodb.net] org.mongodb.driver.cluster               : Adding discovered server ac-jg11q0x-shard-00-02.rvqwo2v.mongodb.net:27017 to client view of cluster
2023-11-17T17:21:09.779+05:30  INFO 10247 --- [o2v.mongodb.net] org.mongodb.driver.cluster               : Adding discovered server ac-jg11q0x-shard-00-00.rvqwo2v.mongodb.net:27017 to client view of cluster
2023-11-17T17:21:10.505+05:30  INFO 10247 --- [ngodb.net:27017] org.mongodb.driver.cluster               : Monitor thread successfully connected to server with description ServerDescription{address=ac-jg11q0x-shard-00-01.rvqwo2v.mongodb.net:27017, type=REPLICA_SET_PRIMARY, state=CONNECTED, ok=true, minWireVersion=0, maxWireVersion=17, maxDocumentSize=16777216, logicalSessionTimeoutMinutes=30, roundTripTimeNanos=373966074, setName='atlas-3i88ly-shard-0', canonicalAddress=ac-jg11q0x-shard-00-01.rvqwo2v.mongodb.net:27017, hosts=[ac-jg11q0x-shard-00-00.rvqwo2v.mongodb.net:27017, ac-jg11q0x-shard-00-02.rvqwo2v.mongodb.net:27017, ac-jg11q0x-shard-00-01.rvqwo2v.mongodb.net:27017], passives=[], arbiters=[], primary='ac-jg11q0x-shard-00-01.rvqwo2v.mongodb.net:27017', tagSet=TagSet{[Tag{name='availabilityZone', value='2'}, Tag{name='nodeType', value='ELECTABLE'}, Tag{name='provider', value='AZURE'}, Tag{name='region', value='INDIA_CENTRAL'}, Tag{name='workloadType', value='OPERATIONAL'}]}, electionId=7fffffff0000000000000039, setVersion=2, topologyVersion=TopologyVersion{processId=6532e056fe4b94c1d6b25446, counter=9}, lastWriteDate=Fri Nov 17 17:21:10 IST 2023, lastUpdateTimeNanos=22866133340129}
2023-11-17T17:21:10.505+05:30  INFO 10247 --- [ngodb.net:27017] org.mongodb.driver.cluster               : Monitor thread successfully connected to server with description ServerDescription{address=ac-jg11q0x-shard-00-02.rvqwo2v.mongodb.net:27017, type=REPLICA_SET_SECONDARY, state=CONNECTED, ok=true, minWireVersion=0, maxWireVersion=17, maxDocumentSize=16777216, logicalSessionTimeoutMinutes=30, roundTripTimeNanos=374424499, setName='atlas-3i88ly-shard-0', canonicalAddress=ac-jg11q0x-shard-00-02.rvqwo2v.mongodb.net:27017, hosts=[ac-jg11q0x-shard-00-00.rvqwo2v.mongodb.net:27017, ac-jg11q0x-shard-00-02.rvqwo2v.mongodb.net:27017, ac-jg11q0x-shard-00-01.rvqwo2v.mongodb.net:27017], passives=[], arbiters=[], primary='ac-jg11q0x-shard-00-01.rvqwo2v.mongodb.net:27017', tagSet=TagSet{[Tag{name='availabilityZone', value='3'}, Tag{name='nodeType', value='ELECTABLE'}, Tag{name='provider', value='AZURE'}, Tag{name='region', value='INDIA_CENTRAL'}, Tag{name='workloadType', value='OPERATIONAL'}]}, electionId=null, setVersion=2, topologyVersion=TopologyVersion{processId=6532df78509ace27448a9c97, counter=14}, lastWriteDate=Fri Nov 17 17:21:10 IST 2023, lastUpdateTimeNanos=22866125791009}
2023-11-17T17:21:10.505+05:30  INFO 10247 --- [ngodb.net:27017] org.mongodb.driver.cluster               : Monitor thread successfully connected to server with description ServerDescription{address=ac-jg11q0x-shard-00-00.rvqwo2v.mongodb.net:27017, type=REPLICA_SET_SECONDARY, state=CONNECTED, ok=true, minWireVersion=0, maxWireVersion=17, maxDocumentSize=16777216, logicalSessionTimeoutMinutes=30, roundTripTimeNanos=374532231, setName='atlas-3i88ly-shard-0', canonicalAddress=ac-jg11q0x-shard-00-00.rvqwo2v.mongodb.net:27017, hosts=[ac-jg11q0x-shard-00-00.rvqwo2v.mongodb.net:27017, ac-jg11q0x-shard-00-02.rvqwo2v.mongodb.net:27017, ac-jg11q0x-shard-00-01.rvqwo2v.mongodb.net:27017], passives=[], arbiters=[], primary='ac-jg11q0x-shard-00-01.rvqwo2v.mongodb.net:27017', tagSet=TagSet{[Tag{name='availabilityZone', value='1'}, Tag{name='nodeType', value='ELECTABLE'}, Tag{name='provider', value='AZURE'}, Tag{name='region', value='INDIA_CENTRAL'}, Tag{name='workloadType', value='OPERATIONAL'}]}, electionId=null, setVersion=2, topologyVersion=TopologyVersion{processId=6532de530b7c2f251f164df6, counter=11}, lastWriteDate=Fri Nov 17 17:21:10 IST 2023, lastUpdateTimeNanos=22866133923614}
2023-11-17T17:21:10.512+05:30  INFO 10247 --- [ngodb.net:27017] org.mongodb.driver.cluster               : Discovered replica set primary ac-jg11q0x-shard-00-01.rvqwo2v.mongodb.net:27017 with max election id 7fffffff0000000000000039 and max set version 2
2023-11-17T17:21:11.407+05:30  INFO 10247 --- [           main] o.s.b.a.e.web.EndpointLinksResolver      : Exposing 1 endpoint(s) beneath base path '/actuator'
2023-11-17T17:21:11.486+05:30  INFO 10247 --- [           main] c.c.c.CartApplicationTests               : Started CartApplicationTests in 3.839 seconds (process running for 5.16)
]]></system-out>
  </testcase>
</testsuite>